{"total": {"lines":{"total":3600,"covered":1709,"skipped":0,"pct":47.47},"statements":{"total":3600,"covered":1709,"skipped":0,"pct":47.47},"functions":{"total":52,"covered":37,"skipped":0,"pct":71.15},"branches":{"total":394,"covered":287,"skipped":0,"pct":72.84},"branchesTrue":{"total":0,"covered":0,"skipped":0,"pct":100}}
,"C:\\Users\\yuta\\Documents\\har\\HARlytics\\vite.config.js": {"lines":{"total":37,"covered":0,"skipped":0,"pct":0},"functions":{"total":1,"covered":0,"skipped":0,"pct":0},"statements":{"total":37,"covered":0,"skipped":0,"pct":0},"branches":{"total":1,"covered":0,"skipped":0,"pct":0}}
,"C:\\Users\\yuta\\Documents\\har\\HARlytics\\src\\lib\\CookieTable.svelte": {"lines":{"total":68,"covered":68,"skipped":0,"pct":100},"functions":{"total":2,"covered":2,"skipped":0,"pct":100},"statements":{"total":68,"covered":68,"skipped":0,"pct":100},"branches":{"total":11,"covered":6,"skipped":0,"pct":54.54}}
,"C:\\Users\\yuta\\Documents\\har\\HARlytics\\src\\lib\\FileUpload.svelte": {"lines":{"total":8,"covered":8,"skipped":0,"pct":100},"functions":{"total":0,"covered":0,"skipped":0,"pct":100},"statements":{"total":8,"covered":8,"skipped":0,"pct":100},"branches":{"total":0,"covered":0,"skipped":0,"pct":100}}
,"C:\\Users\\yuta\\Documents\\har\\HARlytics\\src\\lib\\chartUtils.js": {"lines":{"total":64,"covered":64,"skipped":0,"pct":100},"functions":{"total":2,"covered":2,"skipped":0,"pct":100},"statements":{"total":64,"covered":64,"skipped":0,"pct":100},"branches":{"total":19,"covered":19,"skipped":0,"pct":100}}
,"C:\\Users\\yuta\\Documents\\har\\HARlytics\\src\\lib\\constants.js": {"lines":{"total":43,"covered":43,"skipped":0,"pct":100},"functions":{"total":0,"covered":0,"skipped":0,"pct":100},"statements":{"total":43,"covered":43,"skipped":0,"pct":100},"branches":{"total":0,"covered":0,"skipped":0,"pct":100}}
,"C:\\Users\\yuta\\Documents\\har\\HARlytics\\src\\lib\\sequenceDiagramGenerator.js": {"lines":{"total":512,"covered":408,"skipped":0,"pct":79.68},"functions":{"total":16,"covered":15,"skipped":0,"pct":93.75},"statements":{"total":512,"covered":408,"skipped":0,"pct":79.68},"branches":{"total":107,"covered":88,"skipped":0,"pct":82.24}}
,"C:\\Users\\yuta\\Documents\\har\\HARlytics\\src\\lib\\utils.js": {"lines":{"total":517,"covered":385,"skipped":0,"pct":74.46},"functions":{"total":19,"covered":15,"skipped":0,"pct":78.94},"statements":{"total":517,"covered":385,"skipped":0,"pct":74.46},"branches":{"total":157,"covered":139,"skipped":0,"pct":88.53}}
,"C:\\Users\\yuta\\Documents\\har\\HARlytics\\src\\lib\\components\\EntryDetailTable.svelte": {"lines":{"total":280,"covered":0,"skipped":0,"pct":0},"functions":{"total":1,"covered":0,"skipped":0,"pct":0},"statements":{"total":280,"covered":0,"skipped":0,"pct":0},"branches":{"total":1,"covered":0,"skipped":0,"pct":0}}
,"C:\\Users\\yuta\\Documents\\har\\HARlytics\\src\\lib\\components\\EntryRowGeneral.svelte": {"lines":{"total":463,"covered":461,"skipped":0,"pct":99.56},"functions":{"total":7,"covered":3,"skipped":0,"pct":42.85},"statements":{"total":463,"covered":461,"skipped":0,"pct":99.56},"branches":{"total":66,"covered":14,"skipped":0,"pct":21.21}}
,"C:\\Users\\yuta\\Documents\\har\\HARlytics\\src\\lib\\components\\FilterInput.svelte": {"lines":{"total":22,"covered":0,"skipped":0,"pct":0},"functions":{"total":1,"covered":0,"skipped":0,"pct":0},"statements":{"total":22,"covered":0,"skipped":0,"pct":0},"branches":{"total":1,"covered":0,"skipped":0,"pct":0}}
,"C:\\Users\\yuta\\Documents\\har\\HARlytics\\src\\lib\\components\\PieChart.svelte": {"lines":{"total":83,"covered":0,"skipped":0,"pct":0},"functions":{"total":1,"covered":0,"skipped":0,"pct":0},"statements":{"total":83,"covered":0,"skipped":0,"pct":0},"branches":{"total":1,"covered":0,"skipped":0,"pct":0}}
,"C:\\Users\\yuta\\Documents\\har\\HARlytics\\src\\lib\\components\\SequenceExport.svelte": {"lines":{"total":148,"covered":147,"skipped":0,"pct":99.32},"functions":{"total":0,"covered":0,"skipped":0,"pct":100},"statements":{"total":148,"covered":147,"skipped":0,"pct":99.32},"branches":{"total":4,"covered":1,"skipped":0,"pct":25}}
,"C:\\Users\\yuta\\Documents\\har\\HARlytics\\src\\lib\\components\\WaterfallBar.svelte": {"lines":{"total":125,"covered":125,"skipped":0,"pct":100},"functions":{"total":0,"covered":0,"skipped":0,"pct":100},"statements":{"total":125,"covered":125,"skipped":0,"pct":100},"branches":{"total":24,"covered":20,"skipped":0,"pct":83.33}}
,"C:\\Users\\yuta\\Documents\\har\\HARlytics\\src\\routes\\+layout.svelte": {"lines":{"total":78,"covered":0,"skipped":0,"pct":0},"functions":{"total":1,"covered":0,"skipped":0,"pct":0},"statements":{"total":78,"covered":0,"skipped":0,"pct":0},"branches":{"total":1,"covered":0,"skipped":0,"pct":0}}
,"C:\\Users\\yuta\\Documents\\har\\HARlytics\\src\\routes\\+page.svelte": {"lines":{"total":1152,"covered":0,"skipped":0,"pct":0},"functions":{"total":1,"covered":0,"skipped":0,"pct":0},"statements":{"total":1152,"covered":0,"skipped":0,"pct":0},"branches":{"total":1,"covered":0,"skipped":0,"pct":0}}
}
